<?xml version="1.0" encoding="UTF-8"?>
<!-- Generated by org.testng.reporters.JUnitReportReporter -->
<testsuite skipped="0" hostname="DESKTOP-MV3IETD" name="Qaclickacademy.MAVENJAVA.AppiumTest" tests="2" failures="0" timestamp="17 Jun 2021 12:25:11 GMT" time="0.013" errors="0">
  <testcase name="IOSApp" time="0.011" classname="Qaclickacademy.MAVENJAVA.AppiumTest"/>
  <testcase name="NativeAPI" time="0.002" classname="Qaclickacademy.MAVENJAVA.AppiumTest"/>
</testsuite> <!-- Qaclickacademy.MAVENJAVA.AppiumTest -->
