<?xml version="1.0" encoding="UTF-8"?>
<!-- Generated by org.testng.reporters.JUnitReportReporter -->
<testsuite skipped="0" hostname="DESKTOP-MV3IETD" name="Qaclickacademy.MAVENJAVA.AppTest" tests="1" failures="0" timestamp="17 Jun 2021 12:25:12 GMT" time="0.002" errors="0">
  <testcase name="testApp" time="0.002" classname="Qaclickacademy.MAVENJAVA.AppTest"/>
</testsuite> <!-- Qaclickacademy.MAVENJAVA.AppTest -->
