<?xml version="1.0" encoding="UTF-8"?>
<!-- Generated by org.testng.reporters.JUnitReportReporter -->
<testsuite skipped="0" hostname="DESKTOP-MV3IETD" name="Qaclickacademy.MAVENJAVA.AppiumTest" tests="2" failures="0" timestamp="18 Jun 2021 10:22:06 GMT" time="0.016" errors="0">
  <testcase name="IOSApp" time="0.015" classname="Qaclickacademy.MAVENJAVA.AppiumTest"/>
  <testcase name="NativeAPI" time="0.001" classname="Qaclickacademy.MAVENJAVA.AppiumTest"/>
</testsuite> <!-- Qaclickacademy.MAVENJAVA.AppiumTest -->
