<?xml version="1.0" encoding="UTF-8"?>
<!-- Generated by org.testng.reporters.JUnitReportReporter -->
<testsuite skipped="0" hostname="DESKTOP-MV3IETD" name="Qaclickacademy.MAVENJAVA.SeleniumTest" tests="2" failures="0" timestamp="18 Jun 2021 10:22:06 GMT" time="0.002" errors="0">
  <testcase name="ElementsUI" time="0.001" classname="Qaclickacademy.MAVENJAVA.SeleniumTest"/>
  <testcase name="BrowserAutomate" time="0.001" classname="Qaclickacademy.MAVENJAVA.SeleniumTest"/>
</testsuite> <!-- Qaclickacademy.MAVENJAVA.SeleniumTest -->
